29-03-2024 23:25:13.57 - INFO - Started validation of input parameters...
29-03-2024 23:25:13.57 - INFO - Completed validation of input parameters
29-03-2024 23:25:13.57 - INFO - Started handling of duplicates... Method: "AUTO"
29-03-2024 23:25:13.57 - DEBUG - Deletion of 5 duplicate(s) succeeded
29-03-2024 23:25:13.59 - INFO - Completed handling of duplicates in 0.002562 seconds
29-03-2024 23:25:13.59 - INFO - Started handling of missing values...
29-03-2024 23:25:13.59 - INFO - Found a total of 7 missing value(s)
29-03-2024 23:25:13.59 - INFO - Started handling of NUMERICAL missing values... Method: "AUTO"
29-03-2024 23:25:13.63 - DEBUG - LINREG imputation of 1 value(s) succeeded for feature "admit"
29-03-2024 23:25:13.64 - DEBUG - LINREG imputation of 3 value(s) succeeded for feature "gpa"
29-03-2024 23:25:13.67 - DEBUG - LINREG imputation of 1 value(s) succeeded for feature "rank"
29-03-2024 23:25:13.67 - DEBUG - KNN imputation of 1 value(s) succeeded for feature "gre"
29-03-2024 23:25:13.67 - DEBUG - KNN imputation of 1 value(s) succeeded for feature "gpa"
29-03-2024 23:25:13.67 - INFO - Started handling of CATEGORICAL missing values... Method: "AUTO"
29-03-2024 23:25:13.67 - INFO - Completed handling of missing values in 0.09105 seconds
29-03-2024 23:25:13.67 - INFO - Started handling of outliers... Method: "WINZ"
29-03-2024 23:25:13.69 - DEBUG - Outlier imputation of 4 value(s) succeeded for feature "gre"
29-03-2024 23:25:13.69 - DEBUG - Outlier imputation of 1 value(s) succeeded for feature "gpa"
29-03-2024 23:25:13.69 - INFO - Completed handling of outliers in 0.008578 seconds
29-03-2024 23:25:13.69 - INFO - Started conversion of DATETIME features... Granularity: s
29-03-2024 23:25:13.69 - INFO - Completed conversion of DATETIME features in 0.0004 seconds
29-03-2024 23:25:13.69 - INFO - Started encoding categorical features... Method: "AUTO"
29-03-2024 23:25:13.69 - INFO - Completed encoding of categorical features in 1e-06 seconds
29-03-2024 23:25:13.69 - INFO - Started feature type conversion...
29-03-2024 23:25:13.69 - DEBUG - Conversion to type INT succeeded for feature "admit"
29-03-2024 23:25:13.69 - DEBUG - Conversion to type INT succeeded for feature "gre"
29-03-2024 23:25:13.69 - DEBUG - Conversion to type FLOAT succeeded for feature "gpa"
29-03-2024 23:25:13.69 - DEBUG - Conversion to type INT succeeded for feature "rank"
29-03-2024 23:25:13.69 - INFO - Completed feature type conversion for 4 feature(s) in 0.00616 seconds
29-03-2024 23:25:13.69 - INFO - AutoClean process completed in 0.115449 seconds
